[LOG] System::create                           : Header version = 2.00.07. Current version = 2.00.07.
[LOG] Manager::init                            : maxchannels = 256 studioflags = 00000006 flags 00000000 extradriverdata 0000000000000000.
[LOG] SystemI::init                            : Initialize version=20007 (107206), maxchannels=256, flags=0x00020000
[LOG] SystemI::setOutputInternal               : Setting output to 'FMOD WASAPI Output'
[LOG] OutputWASAPI::init                       : Mix Format (WAVEFORMATEX): wFormatTag=0xFFFE, nChannels=2, nSamplesPerSec=48000, nAvgBytesPerSec=384000, nBlockAlign=8, wBitsPerSample=32, cbSize=22.
[LOG] OutputWASAPI::init                       : Mix Format (WAVEFORMATEXTENSIBLE): wValidBitsPerSample=32, dwChannelMask=0x00000003, SubFormat=00000003-0000-0010-8000-00AA00389B71.
[LOG] OutputWASAPI::init                       : Output buffer size: 4096 samples, latency: 0.00ms, period: 10.00ms, DSP buffer: 1024 * 4
[LOG] Thread::initThread                       : Init FMOD stream thread. Priority: 2, Stack Size: 98304, Semaphore: No, Sleep Time: 10, Looping: Yes.
[LOG] Thread::initThread                       : Init FMOD mixer thread. Priority: 3, Stack Size: 81920, Semaphore: No, Sleep Time: 0, Looping: Yes.
[LOG] AsyncManager::init                       : manager 0000025B25B80A38 isAsync 0 updatePeriod 0.02
[LOG] AsyncManager::init                       : done
[LOG] PlaybackSystem::init                     : 
[LOG] Thread::initThread                       : Init FMOD Studio sample load thread. Priority: 0, Stack Size: 98304, Semaphore: No, Sleep Time: 1, Looping: No.
[LOG] PlaybackSystem::init                     : done
[LOG] Thread::initThread                       : Init FMOD Studio bank load thread. Priority: 0, Stack Size: 98304, Semaphore: No, Sleep Time: 1, Looping: No.
[LOG] Manager::init                            : done.
[LOG] Manager::readBank                        : fileversion = 125, compatVersion = 119 (oldest = 44, newest = 125)
[LOG] Manager::readBank                        : fileversion = 125, compatVersion = 119 (oldest = 44, newest = 125)
[LOG] SystemI::createSoundInternal             : Create name='', mode=0x02000202
[LOG] SystemI::createSoundInternal             : exinfo->cbsize             = 224
[LOG] SystemI::createSoundInternal             : exinfo->length             = 711200
[LOG] SystemI::createSoundInternal             : exinfo->fileoffset         = 5984
[LOG] SystemI::createSoundInternal             : exinfo->numsubsounds       = 1
[LOG] SystemI::createSoundInternal             : exinfo->inclusionlist      = 00000072CD6FF4AC
[LOG] SystemI::createSoundInternal             : exinfo->inclusionlistnum   = 1
[LOG] SystemI::createSoundInternal             : exinfo->suggestedsoundtype = 5
[LOG] SystemI::createSoundInternal             : exinfo->useropen           = 00007FFE6B998630
[LOG] SystemI::createSoundInternal             : exinfo->userclose          = 00007FFE6B998600
[LOG] SystemI::createSoundInternal             : exinfo->userread           = 00007FFE6B998700
[LOG] SystemI::createSoundInternal             : exinfo->userseek           = 00007FFE6B9987C0
[LOG] SystemI::createSoundInternal             : exinfo->fileuserdata       = 0000025B2437CC18
[LOG] SystemI::createSoundInternal             : exinfo->initialseekpostype = 1
[LOG] SystemI::DSPCodecPoolRegister            : register codec pool for pool type 5
[LOG] SystemI::createSoundInternal             : Sample 0/1: name='TrishThatIsNotMeantTo', format=2, channels=2, frequency=48000, lengthbytes=120096, lengthpcm=476708, pcmblocksize=0, loopstart=0, loopend=0, mode=0x00000000, channelmask=0x00000000, channelorder=0, peakvolume=0.619717.
[LOG] AsyncThread::threadFunc                  : Starting Asynchronous operation on sound 0000025B9C119968
[LOG] AsyncThread::threadFunc                  : Finished Asynchronous operation on sound 0000025B9C119968
[LOG] SoundI::release                          : TrishTurnOnTheLights (0000025B28775218)
[LOG] SoundI::release                          :     TrishTurnOnTheLights (0000025B19CDCF88)
[LOG] SoundI::release                          :     TrishTurnOnTheLights (0000025B9C119CC8)
[LOG] Manager::readBank                        : fileversion = 125, compatVersion = 119 (oldest = 44, newest = 125)
[LOG] SystemI::createSoundInternal             : Create name='', mode=0x02000202
[LOG] SystemI::createSoundInternal             : exinfo->cbsize             = 224
[LOG] SystemI::createSoundInternal             : exinfo->length             = 74048
[LOG] SystemI::createSoundInternal             : exinfo->fileoffset         = 9216
[LOG] SystemI::createSoundInternal             : exinfo->numsubsounds       = 1
[LOG] SystemI::createSoundInternal             : exinfo->inclusionlist      = 00000072CD6FF4AC
[LOG] SystemI::createSoundInternal             : exinfo->inclusionlistnum   = 1
[LOG] SystemI::createSoundInternal             : exinfo->suggestedsoundtype = 5
[LOG] SystemI::createSoundInternal             : exinfo->useropen           = 00007FFE6B998630
[LOG] SystemI::createSoundInternal             : exinfo->userclose          = 00007FFE6B998600
[LOG] SystemI::createSoundInternal             : exinfo->userread           = 00007FFE6B998700
[LOG] SystemI::createSoundInternal             : exinfo->userseek           = 00007FFE6B9987C0
[LOG] SystemI::createSoundInternal             : exinfo->fileuserdata       = 0000025B2EBB2948
[LOG] SystemI::createSoundInternal             : exinfo->initialseekpostype = 1
[LOG] SystemI::DSPCodecPoolRegister            : register codec pool for pool type 5
[LOG] SystemI::createSoundInternal             : Sample 0/1: name='wetHit', format=2, channels=2, frequency=48000, lengthbytes=28576, lengthpcm=136800, pcmblocksize=0, loopstart=0, loopend=0, mode=0x00000000, channelmask=0x00000000, channelorder=0, peakvolume=0.223969.
[LOG] SystemI::createSoundInternal             : Create name='', mode=0x02000202
[LOG] SystemI::createSoundInternal             : exinfo->cbsize             = 224
[LOG] SystemI::createSoundInternal             : exinfo->length             = 74048
[LOG] SystemI::createSoundInternal             : exinfo->fileoffset         = 9216
[LOG] SystemI::createSoundInternal             : exinfo->numsubsounds       = 1
[LOG] SystemI::createSoundInternal             : exinfo->inclusionlist      = 00000072CD6FF4AC
[LOG] SystemI::createSoundInternal             : exinfo->inclusionlistnum   = 1
[LOG] SystemI::createSoundInternal             : exinfo->suggestedsoundtype = 5
[LOG] SystemI::createSoundInternal             : exinfo->useropen           = 00007FFE6B998630
[LOG] SystemI::createSoundInternal             : exinfo->userclose          = 00007FFE6B998600
[LOG] SystemI::createSoundInternal             : exinfo->userread           = 00007FFE6B998700
[LOG] SystemI::createSoundInternal             : exinfo->userseek           = 00007FFE6B9987C0
[LOG] SystemI::createSoundInternal             : exinfo->fileuserdata       = 0000025B2EBB2948
[LOG] SystemI::createSoundInternal             : exinfo->initialseekpostype = 1
[LOG] SystemI::DSPCodecPoolRegister            : register codec pool for pool type 5
[LOG] SystemI::createSoundInternal             : Sample 0/1: name='RobotSteelStep3', format=2, channels=2, frequency=48000, lengthbytes=11168, lengthpcm=55200, pcmblocksize=0, loopstart=0, loopend=0, mode=0x00000000, channelmask=0x00000000, channelorder=0, peakvolume=1.000000.
[LOG] SystemI::createSoundInternal             : Create name='', mode=0x02000202
[LOG] SystemI::createSoundInternal             : exinfo->cbsize             = 224
[LOG] SystemI::createSoundInternal             : exinfo->length             = 74048
[LOG] SystemI::createSoundInternal             : exinfo->fileoffset         = 9216
[LOG] SystemI::createSoundInternal             : exinfo->numsubsounds       = 1
[LOG] SystemI::createSoundInternal             : exinfo->inclusionlist      = 00000072CD6FF4AC
[LOG] SystemI::createSoundInternal             : exinfo->inclusionlistnum   = 1
[LOG] SystemI::createSoundInternal             : exinfo->suggestedsoundtype = 5
[LOG] SystemI::createSoundInternal             : exinfo->useropen           = 00007FFE6B998630
[LOG] SystemI::createSoundInternal             : exinfo->userclose          = 00007FFE6B998600
[LOG] SystemI::createSoundInternal             : exinfo->userread           = 00007FFE6B998700
[LOG] SystemI::createSoundInternal             : exinfo->userseek           = 00007FFE6B9987C0
[LOG] SystemI::createSoundInternal             : exinfo->fileuserdata       = 0000025B2EBB2948
[LOG] SystemI::createSoundInternal             : exinfo->initialseekpostype = 1
[LOG] SystemI::DSPCodecPoolRegister            : register codec pool for pool type 5
[LOG] SystemI::createSoundInternal             : Sample 0/1: name='RobotSteelStep2', format=2, channels=2, frequency=48000, lengthbytes=10400, lengthpcm=56160, pcmblocksize=0, loopstart=0, loopend=0, mode=0x00000000, channelmask=0x00000000, channelorder=0, peakvolume=0.861794.
[LOG] SystemI::createSoundInternal             : Create name='', mode=0x02000202
[LOG] SystemI::createSoundInternal             : exinfo->cbsize             = 224
[LOG] SystemI::createSoundInternal             : exinfo->length             = 74048
[LOG] SystemI::createSoundInternal             : exinfo->fileoffset         = 9216
[LOG] SystemI::createSoundInternal             : exinfo->numsubsounds       = 1
[LOG] SystemI::createSoundInternal             : exinfo->inclusionlist      = 00000072CD6FF4AC
[LOG] SystemI::createSoundInternal             : exinfo->inclusionlistnum   = 1
[LOG] SystemI::createSoundInternal             : exinfo->suggestedsoundtype = 5
[LOG] SystemI::createSoundInternal             : exinfo->useropen           = 00007FFE6B998630
[LOG] SystemI::createSoundInternal             : exinfo->userclose          = 00007FFE6B998600
[LOG] SystemI::createSoundInternal             : exinfo->userread           = 00007FFE6B998700
[LOG] SystemI::createSoundInternal             : exinfo->userseek           = 00007FFE6B9987C0
[LOG] SystemI::createSoundInternal             : exinfo->fileuserdata       = 0000025B2EBB2948
[LOG] SystemI::createSoundInternal             : exinfo->initialseekpostype = 1
[LOG] SystemI::DSPCodecPoolRegister            : register codec pool for pool type 5
[LOG] SystemI::createSoundInternal             : Sample 0/1: name='RobotSteelStep1', format=2, channels=2, frequency=48000, lengthbytes=12640, lengthpcm=64320, pcmblocksize=0, loopstart=0, loopend=0, mode=0x00000000, channelmask=0x00000000, channelorder=0, peakvolume=0.657966.
[LOG] SystemI::createSoundInternal             : Create name='', mode=0x02000202
[LOG] SystemI::createSoundInternal             : exinfo->cbsize             = 224
[LOG] SystemI::createSoundInternal             : exinfo->length             = 1716576
[LOG] SystemI::createSoundInternal             : exinfo->fileoffset         = 6816
[LOG] SystemI::createSoundInternal             : exinfo->numsubsounds       = 1
[LOG] SystemI::createSoundInternal             : exinfo->inclusionlist      = 00000072CD6FF4AC
[LOG] SystemI::createSoundInternal             : exinfo->inclusionlistnum   = 1
[LOG] SystemI::createSoundInternal             : exinfo->suggestedsoundtype = 5
[LOG] SystemI::createSoundInternal             : exinfo->useropen           = 00007FFE6B998630
[LOG] SystemI::createSoundInternal             : exinfo->userclose          = 00007FFE6B998600
[LOG] SystemI::createSoundInternal             : exinfo->userread           = 00007FFE6B998700
[LOG] SystemI::createSoundInternal             : exinfo->userseek           = 00007FFE6B9987C0
[LOG] SystemI::createSoundInternal             : exinfo->fileuserdata       = 0000025B2EBB2948
[LOG] SystemI::createSoundInternal             : exinfo->initialseekpostype = 1
[LOG] SystemI::DSPCodecPoolRegister            : register codec pool for pool type 5
[LOG] SystemI::createSoundInternal             : Sample 0/1: name='door_open_01', format=2, channels=2, frequency=48000, lengthbytes=50816, lengthpcm=215636, pcmblocksize=0, loopstart=0, loopend=0, mode=0x00000000, channelmask=0x00000000, channelorder=0, peakvolume=1.000000.
[LOG] SystemI::createSoundInternal             : Create name='', mode=0x02000202
[LOG] SystemI::createSoundInternal             : exinfo->cbsize             = 224
[LOG] SystemI::createSoundInternal             : exinfo->length             = 74048
[LOG] SystemI::createSoundInternal             : exinfo->fileoffset         = 9216
[LOG] SystemI::createSoundInternal             : exinfo->numsubsounds       = 1
[LOG] SystemI::createSoundInternal             : exinfo->inclusionlist      = 00000072CD6FF4AC
[LOG] SystemI::createSoundInternal             : exinfo->inclusionlistnum   = 1
[LOG] SystemI::createSoundInternal             : exinfo->suggestedsoundtype = 5
[LOG] SystemI::createSoundInternal             : exinfo->useropen           = 00007FFE6B998630
[LOG] SystemI::createSoundInternal             : exinfo->userclose          = 00007FFE6B998600
[LOG] SystemI::createSoundInternal             : exinfo->userread           = 00007FFE6B998700
[LOG] SystemI::createSoundInternal             : exinfo->userseek           = 00007FFE6B9987C0
[LOG] SystemI::createSoundInternal             : exinfo->fileuserdata       = 0000025B2EBB2948
[LOG] SystemI::createSoundInternal             : exinfo->initialseekpostype = 1
[LOG] SystemI::DSPCodecPoolRegister            : register codec pool for pool type 5
[LOG] SystemI::createSoundInternal             : Sample 0/1: name='RobotTentacleStep1', format=2, channels=2, frequency=48000, lengthbytes=10912, lengthpcm=57120, pcmblocksize=0, loopstart=0, loopend=0, mode=0x00000000, channelmask=0x00000000, channelorder=0, peakvolume=0.160735.
[LOG] Manager::readBank                        : fileversion = 125, compatVersion = 119 (oldest = 44, newest = 125)
[LOG] Manager::readBank                        : fileversion = 125, compatVersion = 119 (oldest = 44, newest = 125)
[LOG] SystemI::createSound                     : filename = TheThinkingCityFMOD\Build\Desktop/Environment Effects.bank : mode 02010082
[LOG] SystemI::createSound                     : FMOD_NONBLOCKING specified.  Putting into queue to be opened asynchronously!
[LOG] SystemI::createSound                     : setdata soundi = 0000025AE4530288 : node = 0000025AE452B5E0
[LOG] SystemI::createSound                     : add node to async list : head = 0000025B19CDE458.  list count = 0
[LOG] AsyncThread::threadFunc                  : Starting Asynchronous operation on sound 0000025AE4530288
[LOG] SystemI::createSoundInternal             :     Create name='TheThinkingCityFMOD\Build\Desktop/Environment Effects.bank', mode=0x02010082
[LOG] SystemI::createSoundInternal             :     exinfo->cbsize             = 224
[LOG] SystemI::createSoundInternal             :     exinfo->length             = 1716576
[LOG] SystemI::createSoundInternal             :     exinfo->fileoffset         = 6816
[LOG] SystemI::createSoundInternal             :     exinfo->numsubsounds       = 1
[LOG] SystemI::createSoundInternal             :     exinfo->inclusionlist      = 0000025AE452B6F0
[LOG] SystemI::createSoundInternal             :     exinfo->inclusionlistnum   = 1
[LOG] SystemI::createSoundInternal             :     exinfo->suggestedsoundtype = 5
[LOG] SystemI::createSound                     :     filename = TheThinkingCityFMOD\Build\Desktop/Environment Effects.bank : mode 02010082
[LOG] SystemI::createSoundInternal             :     exinfo->initialseekpostype = 1
[LOG] SystemI::createSound                     :     FMOD_NONBLOCKING specified.  Putting into queue to be opened asynchronously!
[LOG] SystemI::createSound                     :     setdata soundi = 0000025AE4530798 : node = 0000025AE452B720
[LOG] SystemI::createSound                     :     add node to async list : head = 0000025B19CDE458.  list count = 0
[LOG] SystemI::createSoundInternal             :     Stream 0/1: name='consoleHum', format=2, channels=2, frequency=48000, lengthbytes=240544, lengthpcm=1356978, pcmblocksize=0, loopstart=0, loopend=0, mode=0x00000000, channelmask=0x00000000, channelorder=0, peakvolume=0.063169.
[LOG] AsyncThread::threadFunc                  : Finished Asynchronous operation on sound 0000025AE4530288
[LOG] AsyncThread::threadFunc                  : Starting Asynchronous operation on sound 0000025AE4530798
[LOG] SystemI::createSoundInternal             :     Create name='TheThinkingCityFMOD\Build\Desktop/Environment Effects.bank', mode=0x02010082
[LOG] SystemI::createSoundInternal             :     exinfo->cbsize             = 224
[LOG] SystemI::createSoundInternal             :     exinfo->length             = 1716576
[LOG] SystemI::createSoundInternal             :     exinfo->fileoffset         = 6816
[LOG] SystemI::createSoundInternal             :     exinfo->numsubsounds       = 1
[LOG] SystemI::createSoundInternal             :     exinfo->inclusionlist      = 0000025AE452B830
[LOG] SystemI::createSoundInternal             :     exinfo->inclusionlistnum   = 1
[LOG] SystemI::createSoundInternal             :     exinfo->suggestedsoundtype = 5
[LOG] SystemI::createSoundInternal             :     exinfo->initialseekpostype = 1
[LOG] SystemI::createSoundInternal             :     Stream 0/1: name='consoleHum', format=2, channels=2, frequency=48000, lengthbytes=240544, lengthpcm=1356978, pcmblocksize=0, loopstart=0, loopend=0, mode=0x00000000, channelmask=0x00000000, channelorder=0, peakvolume=0.063169.
[LOG] AsyncThread::threadFunc                  : Finished Asynchronous operation on sound 0000025AE4530798
[LOG] SoundI::getSubSound                      : sound 0000025AE4530288.  Subsound index 0 / 1
[LOG] SoundI::getSubSound                      : sound 0000025AE4530798.  Subsound index 0 / 1
[LOG] SoundI::release                          : consoleHum (0000025B28776148)
[LOG] SoundI::release                          :     consoleHum (0000025B19CDE988)
[LOG] SoundI::release                          :     consoleHum (0000025B9C119B18)
[LOG] SoundI::release                          : consoleHum (0000025B287762F8)
[LOG] SoundI::release                          :     consoleHum (0000025B19CDB0A8)
[LOG] SoundI::release                          :     consoleHum (0000025B9C1197B8)
[LOG] Manager::readBank                        : fileversion = 125, compatVersion = 119 (oldest = 44, newest = 125)
[LOG] Manager::readBank                        : fileversion = 125, compatVersion = 119 (oldest = 44, newest = 125)
[LOG] Manager::readBank                        : fileversion = 125, compatVersion = 119 (oldest = 44, newest = 125)
[LOG] Manager::readBank                        : fileversion = 125, compatVersion = 119 (oldest = 44, newest = 125)
[LOG] Manager::readBank                        : fileversion = 125, compatVersion = 119 (oldest = 44, newest = 125)
[LOG] Manager::readBank                        : fileversion = 125, compatVersion = 119 (oldest = 44, newest = 125)
[LOG] SystemI::createSound                     : filename = TheThinkingCityFMOD\Build\Desktop/Environment Effects.bank : mode 02010082
[LOG] SystemI::createSound                     : FMOD_NONBLOCKING specified.  Putting into queue to be opened asynchronously!
[LOG] SystemI::createSound                     : setdata soundi = 0000025BA73A95B8 : node = 0000025AE452BAE0
[LOG] SystemI::createSound                     : add node to async list : head = 0000025B19CDE458.  list count = 0
[LOG] AsyncThread::threadFunc                  : Starting Asynchronous operation on sound 0000025BA73A95B8
[LOG] SystemI::createSound                     : filename = TheThinkingCityFMOD\Build\Desktop/Environment Effects.bank : mode 02010082
[LOG] SystemI::createSoundInternal             :     Create name='TheThinkingCityFMOD\Build\Desktop/Environment Effects.bank', mode=0x02010082
[LOG] SystemI::createSound                     :     FMOD_NONBLOCKING specified.  Putting into queue to be opened asynchronously!
[LOG] SystemI::createSoundInternal             :     exinfo->cbsize             = 224
[LOG] SystemI::createSound                     :     setdata soundi = 0000025BA73AA848 : node = 0000025AE452C8A0
[LOG] SystemI::createSoundInternal             :     exinfo->length             = 1716576
[LOG] SystemI::createSound                     :     add node to async list : head = 0000025B19CDE458.  list count = 0
[LOG] SystemI::createSoundInternal             :     exinfo->fileoffset         = 6816
[LOG] SystemI::createSoundInternal             :     exinfo->numsubsounds       = 1
[LOG] SystemI::createSoundInternal             :     exinfo->inclusionlist      = 0000025AE452BBF0
[LOG] SystemI::createSoundInternal             :     exinfo->inclusionlistnum   = 1
[LOG] SystemI::createSoundInternal             :     exinfo->suggestedsoundtype = 5
[LOG] SystemI::createSoundInternal             :     exinfo->initialseekpostype = 1
[LOG] SystemI::createSoundInternal             :     Stream 0/1: name='consoleHum', format=2, channels=2, frequency=48000, lengthbytes=240544, lengthpcm=1356978, pcmblocksize=0, loopstart=0, loopend=0, mode=0x00000000, channelmask=0x00000000, channelorder=0, peakvolume=0.063169.
[LOG] AsyncThread::threadFunc                  : Finished Asynchronous operation on sound 0000025BA73A95B8
[LOG] AsyncThread::threadFunc                  : Starting Asynchronous operation on sound 0000025BA73AA848
[LOG] SystemI::createSoundInternal             :     Create name='TheThinkingCityFMOD\Build\Desktop/Environment Effects.bank', mode=0x02010082
[LOG] SystemI::createSoundInternal             :     exinfo->cbsize             = 224
[LOG] SystemI::createSoundInternal             :     exinfo->length             = 1716576
[LOG] SystemI::createSoundInternal             :     exinfo->fileoffset         = 6816
[LOG] SystemI::createSoundInternal             :     exinfo->numsubsounds       = 1
[LOG] SystemI::createSoundInternal             :     exinfo->inclusionlist      = 0000025AE452C9B0
[LOG] SystemI::createSoundInternal             :     exinfo->inclusionlistnum   = 1
[LOG] SystemI::createSoundInternal             :     exinfo->suggestedsoundtype = 5
[LOG] SystemI::createSoundInternal             :     exinfo->initialseekpostype = 1
[LOG] SystemI::createSoundInternal             :     Stream 0/1: name='consoleHum', format=2, channels=2, frequency=48000, lengthbytes=240544, lengthpcm=1356978, pcmblocksize=0, loopstart=0, loopend=0, mode=0x00000000, channelmask=0x00000000, channelorder=0, peakvolume=0.063169.
[LOG] AsyncThread::threadFunc                  : Finished Asynchronous operation on sound 0000025BA73AA848
[LOG] SoundI::getSubSound                      : sound 0000025BA73A95B8.  Subsound index 0 / 1
[LOG] SoundI::getSubSound                      : sound 0000025BA73AA848.  Subsound index 0 / 1
[LOG] SoundI::release                          : consoleHum (0000025AE4530798)
[LOG] SoundI::release                          :     consoleHum (0000025B19CDC288)
[LOG] SoundI::release                          :     consoleHum (0000025AE4530AF8)
[LOG] SoundI::release                          : consoleHum (0000025AE4530288)
[LOG] SoundI::release                          :     consoleHum (0000025B19CDE4A8)
[LOG] SoundI::release                          :     consoleHum (0000025AE4530948)
[LOG] SoundI::release                          : steamLoop (0000025B28775A88)
[LOG] SoundI::release                          :     steamLoop (0000025B19CDB728)
[LOG] SoundI::release                          :     steamLoop (0000025B9C119968)
[LOG] SoundI::release                          : steamLoop (0000025B287758D8)
[LOG] SoundI::release                          :     steamLoop (0000025B19CDD128)
[LOG] SoundI::release                          :     steamLoop (0000025B9C1192A8)
[LOG] SoundI::release                          : consoleHum (0000025BA73A95B8)
[LOG] SoundI::release                          :     consoleHum (0000025B19CDE988)
[LOG] SoundI::release                          :     consoleHum (0000025BA73A9768)
[LOG] SoundI::release                          : consoleHum (0000025BA73AA848)
[LOG] SoundI::release                          :     consoleHum (0000025B19CDAD68)
[LOG] SoundI::release                          :     consoleHum (0000025BA73A9FD8)
[LOG] SoundI::release                          : ambience (0000025B28775068)
[LOG] SoundI::release                          :     ambience (0000025B19CDC428)
[LOG] SoundI::release                          :     ambience (0000025B9C119E78)
[LOG] SoundI::release                          : GravityHum (0000025B28775728)
[LOG] SoundI::release                          :     GravityHum (0000025B19CDCC48)
[LOG] SoundI::release                          :     GravityHum (0000025B28775C38)
[LOG] SoundI::release                          :  (0000025B1A058A98)
[LOG] SoundI::release                          :     door_open_01 (0000025B19CDDE28)
[LOG] SoundI::release                          :  (0000025B1A059058)
[LOG] SoundI::release                          :     wetHit (0000025B19CDB3E8)
[LOG] SoundI::release                          :  (0000025B1A05CF98)
[LOG] SoundI::release                          :     RobotTentacleStep1 (0000025B19CDC0E8)
[LOG] SoundI::release                          :  (0000025B1A05B2D8)
[LOG] SoundI::release                          :     RobotSteelStep1 (0000025B19CDE168)
[LOG] SoundI::release                          :  (0000025B1A05D108)
[LOG] SoundI::release                          :     RobotSteelStep2 (0000025B19CDE648)
[LOG] SoundI::release                          :  (0000025B1A05D558)
[LOG] SoundI::release                          :     RobotSteelStep3 (0000025B19CDCF88)
[LOG] SoundI::release                          :  (0000025B1A058EE8)
[LOG] SoundI::release                          :     TrishThatIsNotMeantTo (0000025B19CDDC88)
[LOG] Thread::callback                         : FMOD Studio update thread finished.
[LOG] Thread::callback                         : FMOD Studio bank load thread finished.
[LOG] Profile::disconnectAll                   : Profiler disconnecting all clients
[LOG] Thread::callback                         : FMOD Studio sample load thread finished.
[LOG] LiveUpdate::release                      : 
[LOG] LiveUpdate::reset                        : Reset connection (reason Disconnected)
[LOG] Thread::callback                         : FMOD stream thread finished.
[LOG] Thread::callback                         : FMOD mixer thread finished.
[LOG] Profile::disconnectAll                   : Profiler disconnecting all clients
[LOG] SystemI::close                           : Closed.
